{"F:\\projects\\vue.js\\vueapp01\\src\\App.vue": {"path":"F:\\projects\\vue.js\\vueapp01\\src\\App.vue","statementMap":{"0":{"start":{"line":1,"column":1},"end":{"line":17,"column":4}},"1":{"start":{"line":4,"column":0},"end":{"line":6,"column":3}},"2":{"start":{"line":14,"column":0},"end":{"line":16,"column":2}},"3":{"start":{"line":18,"column":0},"end":{"line":18,"column":70}},"4":{"start":{"line":18,"column":31},"end":{"line":18,"column":70}},"5":{"start":{"line":19,"column":24},"end":{"line":19,"column":100}},"6":{"start":{"line":20,"column":0},"end":{"line":20,"column":169}},"7":{"start":{"line":20,"column":54},"end":{"line":20,"column":58}},"8":{"start":{"line":20,"column":66},"end":{"line":20,"column":84}},"9":{"start":{"line":20,"column":92},"end":{"line":20,"column":108}},"10":{"start":{"line":20,"column":109},"end":{"line":20,"column":168}},"11":{"start":{"line":21,"column":0},"end":{"line":21,"column":37}}},"fnMap":{"0":{"name":"(anonymous_0)","decl":{"start":{"line":1,"column":2},"end":{"line":1,"column":3}},"loc":{"start":{"line":1,"column":12},"end":{"line":17,"column":1}},"line":1},"1":{"name":"render","decl":{"start":{"line":20,"column":35},"end":{"line":20,"column":41}},"loc":{"start":{"line":20,"column":45},"end":{"line":20,"column":169}},"line":20}},"branchMap":{"0":{"loc":{"start":{"line":18,"column":0},"end":{"line":18,"column":70}},"type":"if","locations":[{"start":{"line":18,"column":0},"end":{"line":18,"column":70}},{"start":{"line":18,"column":0},"end":{"line":18,"column":70}}],"line":18},"1":{"loc":{"start":{"line":19,"column":24},"end":{"line":19,"column":100}},"type":"cond-expr","locations":[{"start":{"line":19,"column":62},"end":{"line":19,"column":84}},{"start":{"line":19,"column":86},"end":{"line":19,"column":100}}],"line":19},"2":{"loc":{"start":{"line":20,"column":92},"end":{"line":20,"column":108}},"type":"binary-expr","locations":[{"start":{"line":20,"column":92},"end":{"line":20,"column":104}},{"start":{"line":20,"column":106},"end":{"line":20,"column":108}}],"line":20}},"s":{"0":0,"1":0,"2":0,"3":0,"4":0,"5":0,"6":0,"7":0,"8":0,"9":0,"10":0,"11":0},"f":{"0":0,"1":0},"b":{"0":[0,0],"1":[0,0],"2":[0,0]}}
,"F:\\projects\\vue.js\\vueapp01\\src\\components\\JuryPage.vue": {"path":"F:\\projects\\vue.js\\vueapp01\\src\\components\\JuryPage.vue","statementMap":{"0":{"start":{"line":1,"column":1},"end":{"line":129,"column":4}},"1":{"start":{"line":4,"column":0},"end":{"line":6,"column":3}},"2":{"start":{"line":121,"column":0},"end":{"line":128,"column":2}},"3":{"start":{"line":124,"column":4},"end":{"line":126,"column":6}},"4":{"start":{"line":130,"column":0},"end":{"line":130,"column":70}},"5":{"start":{"line":130,"column":31},"end":{"line":130,"column":70}},"6":{"start":{"line":131,"column":24},"end":{"line":131,"column":100}},"7":{"start":{"line":132,"column":0},"end":{"line":132,"column":248}},"8":{"start":{"line":132,"column":54},"end":{"line":132,"column":58}},"9":{"start":{"line":132,"column":66},"end":{"line":132,"column":84}},"10":{"start":{"line":132,"column":92},"end":{"line":132,"column":108}},"11":{"start":{"line":132,"column":109},"end":{"line":132,"column":247}},"12":{"start":{"line":133,"column":0},"end":{"line":133,"column":5210}},"13":{"start":{"line":133,"column":64},"end":{"line":133,"column":68}},"14":{"start":{"line":133,"column":76},"end":{"line":133,"column":94}},"15":{"start":{"line":133,"column":102},"end":{"line":133,"column":118}},"16":{"start":{"line":133,"column":119},"end":{"line":133,"column":5208}}},"fnMap":{"0":{"name":"(anonymous_0)","decl":{"start":{"line":1,"column":2},"end":{"line":1,"column":3}},"loc":{"start":{"line":1,"column":12},"end":{"line":129,"column":1}},"line":1},"1":{"name":"data","decl":{"start":{"line":123,"column":17},"end":{"line":123,"column":21}},"loc":{"start":{"line":123,"column":24},"end":{"line":127,"column":3}},"line":123},"2":{"name":"render","decl":{"start":{"line":132,"column":35},"end":{"line":132,"column":41}},"loc":{"start":{"line":132,"column":45},"end":{"line":132,"column":248}},"line":132},"3":{"name":"render","decl":{"start":{"line":133,"column":45},"end":{"line":133,"column":51}},"loc":{"start":{"line":133,"column":55},"end":{"line":133,"column":5209}},"line":133}},"branchMap":{"0":{"loc":{"start":{"line":130,"column":0},"end":{"line":130,"column":70}},"type":"if","locations":[{"start":{"line":130,"column":0},"end":{"line":130,"column":70}},{"start":{"line":130,"column":0},"end":{"line":130,"column":70}}],"line":130},"1":{"loc":{"start":{"line":131,"column":24},"end":{"line":131,"column":100}},"type":"cond-expr","locations":[{"start":{"line":131,"column":62},"end":{"line":131,"column":84}},{"start":{"line":131,"column":86},"end":{"line":131,"column":100}}],"line":131},"2":{"loc":{"start":{"line":132,"column":92},"end":{"line":132,"column":108}},"type":"binary-expr","locations":[{"start":{"line":132,"column":92},"end":{"line":132,"column":104}},{"start":{"line":132,"column":106},"end":{"line":132,"column":108}}],"line":132},"3":{"loc":{"start":{"line":133,"column":102},"end":{"line":133,"column":118}},"type":"binary-expr","locations":[{"start":{"line":133,"column":102},"end":{"line":133,"column":114}},{"start":{"line":133,"column":116},"end":{"line":133,"column":118}}],"line":133}},"s":{"0":0,"1":0,"2":0,"3":0,"4":0,"5":0,"6":0,"7":0,"8":0,"9":0,"10":0,"11":0,"12":0,"13":0,"14":0,"15":0,"16":0},"f":{"0":0,"1":0,"2":0,"3":0},"b":{"0":[0,0],"1":[0,0],"2":[0,0],"3":[0,0]}}
}
